<?xml version="1.0" encoding="UTF-8"?>
<!-- Generated by org.testng.reporters.JUnitXMLReporter -->
<testsuite hostname="DESKTOP-IGGL0H7" ignored="0" name="Amazon Test Cases" tests="9" failures="0" timestamp="11 Mar 2018 14:47:57 GMT" time="39.225" errors="0">
  <testcase name="homePageTitleTest" time="4.059" classname="com.amazon.test.testcases.AmazonAssignmentTest"/>
  <testcase name="searchTest" time="4.272" classname="com.amazon.test.testcases.AmazonAssignmentTest"/>
  <testcase name="validateSearchInputTest" time="1.224" classname="com.amazon.test.testcases.AmazonAssignmentTest"/>
  <testcase name="validateFilteredBrandTest" time="1.085" classname="com.amazon.test.testcases.AmazonAssignmentTest"/>
  <testcase name="validateFilteredPriceRangeTest" time="5.659" classname="com.amazon.test.testcases.AmazonAssignmentTest"/>
  <testcase name="validateFilteredRatingTest" time="1.089" classname="com.amazon.test.testcases.AmazonAssignmentTest"/>
  <testcase name="validateCheapestSelectionTest" time="1.786" classname="com.amazon.test.testcases.AmazonAssignmentTest"/>
  <testcase name="validateBuyNowTest" time="5.01" classname="com.amazon.test.testcases.AmazonAssignmentTest"/>
  <testcase name="validateLoginPageTitleTest" time="0.16" classname="com.amazon.test.testcases.AmazonAssignmentTest"/>
</testsuite> <!-- Amazon Test Cases -->
